<?xml version="1.0" encoding="UTF-8"?>
<testsuite xmlns:xsi="http://www.w3.org/2001/XMLSchema-instance" xsi:noNamespaceSchemaLocation="https://maven.apache.org/surefire/maven-surefire-plugin/xsd/surefire-test-report.xsd" name="JunitTest" time="0.029" tests="1" errors="0" skipped="0" failures="1">
  <properties>
    <property name="java.specification.version" value="17"/>
    <property name="sun.jnu.encoding" value="UTF-8"/>
    <property name="java.class.path" value="/Users/emil/workspace/kotest-junit-issue-repro/target/test-classes:/Users/emil/workspace/kotest-junit-issue-repro/target/classes:/Users/emil/.m2/repository/org/jetbrains/kotlin/kotlin-stdlib/1.7.20/kotlin-stdlib-1.7.20.jar:/Users/emil/.m2/repository/org/jetbrains/kotlin/kotlin-stdlib-common/1.7.20/kotlin-stdlib-common-1.7.20.jar:/Users/emil/.m2/repository/org/jetbrains/annotations/13.0/annotations-13.0.jar:/Users/emil/.m2/repository/io/kotest/kotest-runner-junit5-jvm/5.5.1/kotest-runner-junit5-jvm-5.5.1.jar:/Users/emil/.m2/repository/org/jetbrains/kotlin/kotlin-stdlib-jdk8/1.6.21/kotlin-stdlib-jdk8-1.6.21.jar:/Users/emil/.m2/repository/org/jetbrains/kotlin/kotlin-stdlib-jdk7/1.6.21/kotlin-stdlib-jdk7-1.6.21.jar:/Users/emil/.m2/repository/io/kotest/kotest-framework-api-jvm/5.5.1/kotest-framework-api-jvm-5.5.1.jar:/Users/emil/.m2/repository/io/kotest/kotest-assertions-shared-jvm/5.5.1/kotest-assertions-shared-jvm-5.5.1.jar:/Users/emil/.m2/repository/io/github/java-diff-utils/java-diff-utils/4.12/java-diff-utils-4.12.jar:/Users/emil/.m2/repository/org/jetbrains/kotlinx/kotlinx-coroutines-test-jvm/1.6.4/kotlinx-coroutines-test-jvm-1.6.4.jar:/Users/emil/.m2/repository/io/kotest/kotest-common-jvm/5.5.1/kotest-common-jvm-5.5.1.jar:/Users/emil/.m2/repository/io/kotest/kotest-framework-engine-jvm/5.5.1/kotest-framework-engine-jvm-5.5.1.jar:/Users/emil/.m2/repository/io/github/classgraph/classgraph/4.8.149/classgraph-4.8.149.jar:/Users/emil/.m2/repository/com/github/ajalt/mordant/1.2.1/mordant-1.2.1.jar:/Users/emil/.m2/repository/com/github/ajalt/colormath/1.2.0/colormath-1.2.0.jar:/Users/emil/.m2/repository/org/jetbrains/kotlinx/kotlinx-coroutines-debug/1.6.4/kotlinx-coroutines-debug-1.6.4.jar:/Users/emil/.m2/repository/net/java/dev/jna/jna/5.9.0/jna-5.9.0.jar:/Users/emil/.m2/repository/net/java/dev/jna/jna-platform/5.9.0/jna-platform-5.9.0.jar:/Users/emil/.m2/repository/net/bytebuddy/byte-buddy/1.10.9/byte-buddy-1.10.9.jar:/Users/emil/.m2/repository/net/bytebuddy/byte-buddy-agent/1.10.9/byte-buddy-agent-1.10.9.jar:/Users/emil/.m2/repository/io/kotest/kotest-framework-discovery-jvm/5.5.1/kotest-framework-discovery-jvm-5.5.1.jar:/Users/emil/.m2/repository/io/kotest/kotest-assertions-core-jvm/5.5.1/kotest-assertions-core-jvm-5.5.1.jar:/Users/emil/.m2/repository/org/jetbrains/kotlinx/kotlinx-coroutines-jdk8/1.6.4/kotlinx-coroutines-jdk8-1.6.4.jar:/Users/emil/.m2/repository/io/kotest/kotest-assertions-api-jvm/5.5.1/kotest-assertions-api-jvm-5.5.1.jar:/Users/emil/.m2/repository/io/kotest/kotest-extensions-jvm/5.5.1/kotest-extensions-jvm-5.5.1.jar:/Users/emil/.m2/repository/commons-io/commons-io/2.11.0/commons-io-2.11.0.jar:/Users/emil/.m2/repository/io/mockk/mockk-jvm/1.13.1/mockk-jvm-1.13.1.jar:/Users/emil/.m2/repository/io/mockk/mockk-dsl-jvm/1.13.1/mockk-dsl-jvm-1.13.1.jar:/Users/emil/.m2/repository/io/mockk/mockk-agent-jvm/1.13.1/mockk-agent-jvm-1.13.1.jar:/Users/emil/.m2/repository/org/objenesis/objenesis/3.2/objenesis-3.2.jar:/Users/emil/.m2/repository/io/mockk/mockk-agent-api-jvm/1.13.1/mockk-agent-api-jvm-1.13.1.jar:/Users/emil/.m2/repository/io/mockk/mockk-core-jvm/1.13.1/mockk-core-jvm-1.13.1.jar:/Users/emil/.m2/repository/org/slf4j/slf4j-api/1.7.36/slf4j-api-1.7.36.jar:/Users/emil/.m2/repository/junit/junit/4.13.2/junit-4.13.2.jar:/Users/emil/.m2/repository/org/hamcrest/hamcrest-core/1.3/hamcrest-core-1.3.jar:/Users/emil/.m2/repository/org/junit/jupiter/junit-jupiter/5.8.2/junit-jupiter-5.8.2.jar:/Users/emil/.m2/repository/org/junit/jupiter/junit-jupiter-params/5.8.2/junit-jupiter-params-5.8.2.jar:/Users/emil/.m2/repository/org/jetbrains/kotlinx/kotlinx-coroutines-core/1.6.4/kotlinx-coroutines-core-1.6.4.jar:/Users/emil/.m2/repository/io/kotest/kotest-framework-concurrency-jvm/5.5.1/kotest-framework-concurrency-jvm-5.5.1.jar:/Users/emil/.m2/repository/org/jetbrains/kotlinx/kotlinx-coroutines-core-jvm/1.6.4/kotlinx-coroutines-core-jvm-1.6.4.jar:/Users/emil/.m2/repository/org/junit/platform/junit-platform-engine/1.7.2/junit-platform-engine-1.7.2.jar:/Users/emil/.m2/repository/org/junit/platform/junit-platform-suite-api/1.7.2/junit-platform-suite-api-1.7.2.jar:/Users/emil/.m2/repository/org/junit/platform/junit-platform-launcher/1.7.2/junit-platform-launcher-1.7.2.jar:/Users/emil/.m2/repository/org/jetbrains/kotlin/kotlin-reflect/1.6.21/kotlin-reflect-1.6.21.jar:/Users/emil/.m2/repository/org/junit/jupiter/junit-jupiter-api/5.9.1/junit-jupiter-api-5.9.1.jar:/Users/emil/.m2/repository/org/opentest4j/opentest4j/1.2.0/opentest4j-1.2.0.jar:/Users/emil/.m2/repository/org/junit/platform/junit-platform-commons/1.9.1/junit-platform-commons-1.9.1.jar:/Users/emil/.m2/repository/org/apiguardian/apiguardian-api/1.1.2/apiguardian-api-1.1.2.jar:/Users/emil/.m2/repository/org/junit/jupiter/junit-jupiter-engine/5.9.1/junit-jupiter-engine-5.9.1.jar:"/>
    <property name="java.vm.vendor" value="Eclipse Adoptium"/>
    <property name="sun.arch.data.model" value="64"/>
    <property name="java.vendor.url" value="https://adoptium.net/"/>
    <property name="os.name" value="Mac OS X"/>
    <property name="java.vm.specification.version" value="17"/>
    <property name="sun.java.launcher" value="SUN_STANDARD"/>
    <property name="user.country" value="SE"/>
    <property name="sun.boot.library.path" value="/Users/emil/.sdkman/candidates/java/17.0.2-tem/lib"/>
    <property name="sun.java.command" value="/Users/emil/workspace/kotest-junit-issue-repro/target/surefire/surefirebooter8280739029924553215.jar /Users/emil/workspace/kotest-junit-issue-repro/target/surefire 2022-10-27T23-02-05_577-jvmRun1 surefire8065883441915965739tmp surefire_013715808090700475873tmp"/>
    <property name="http.nonProxyHosts" value="local|*.local|169.254/16|*.169.254/16"/>
    <property name="jdk.debug" value="release"/>
    <property name="surefire.test.class.path" value="/Users/emil/workspace/kotest-junit-issue-repro/target/test-classes:/Users/emil/workspace/kotest-junit-issue-repro/target/classes:/Users/emil/.m2/repository/org/jetbrains/kotlin/kotlin-stdlib/1.7.20/kotlin-stdlib-1.7.20.jar:/Users/emil/.m2/repository/org/jetbrains/kotlin/kotlin-stdlib-common/1.7.20/kotlin-stdlib-common-1.7.20.jar:/Users/emil/.m2/repository/org/jetbrains/annotations/13.0/annotations-13.0.jar:/Users/emil/.m2/repository/io/kotest/kotest-runner-junit5-jvm/5.5.1/kotest-runner-junit5-jvm-5.5.1.jar:/Users/emil/.m2/repository/org/jetbrains/kotlin/kotlin-stdlib-jdk8/1.6.21/kotlin-stdlib-jdk8-1.6.21.jar:/Users/emil/.m2/repository/org/jetbrains/kotlin/kotlin-stdlib-jdk7/1.6.21/kotlin-stdlib-jdk7-1.6.21.jar:/Users/emil/.m2/repository/io/kotest/kotest-framework-api-jvm/5.5.1/kotest-framework-api-jvm-5.5.1.jar:/Users/emil/.m2/repository/io/kotest/kotest-assertions-shared-jvm/5.5.1/kotest-assertions-shared-jvm-5.5.1.jar:/Users/emil/.m2/repository/io/github/java-diff-utils/java-diff-utils/4.12/java-diff-utils-4.12.jar:/Users/emil/.m2/repository/org/jetbrains/kotlinx/kotlinx-coroutines-test-jvm/1.6.4/kotlinx-coroutines-test-jvm-1.6.4.jar:/Users/emil/.m2/repository/io/kotest/kotest-common-jvm/5.5.1/kotest-common-jvm-5.5.1.jar:/Users/emil/.m2/repository/io/kotest/kotest-framework-engine-jvm/5.5.1/kotest-framework-engine-jvm-5.5.1.jar:/Users/emil/.m2/repository/io/github/classgraph/classgraph/4.8.149/classgraph-4.8.149.jar:/Users/emil/.m2/repository/com/github/ajalt/mordant/1.2.1/mordant-1.2.1.jar:/Users/emil/.m2/repository/com/github/ajalt/colormath/1.2.0/colormath-1.2.0.jar:/Users/emil/.m2/repository/org/jetbrains/kotlinx/kotlinx-coroutines-debug/1.6.4/kotlinx-coroutines-debug-1.6.4.jar:/Users/emil/.m2/repository/net/java/dev/jna/jna/5.9.0/jna-5.9.0.jar:/Users/emil/.m2/repository/net/java/dev/jna/jna-platform/5.9.0/jna-platform-5.9.0.jar:/Users/emil/.m2/repository/net/bytebuddy/byte-buddy/1.10.9/byte-buddy-1.10.9.jar:/Users/emil/.m2/repository/net/bytebuddy/byte-buddy-agent/1.10.9/byte-buddy-agent-1.10.9.jar:/Users/emil/.m2/repository/io/kotest/kotest-framework-discovery-jvm/5.5.1/kotest-framework-discovery-jvm-5.5.1.jar:/Users/emil/.m2/repository/io/kotest/kotest-assertions-core-jvm/5.5.1/kotest-assertions-core-jvm-5.5.1.jar:/Users/emil/.m2/repository/org/jetbrains/kotlinx/kotlinx-coroutines-jdk8/1.6.4/kotlinx-coroutines-jdk8-1.6.4.jar:/Users/emil/.m2/repository/io/kotest/kotest-assertions-api-jvm/5.5.1/kotest-assertions-api-jvm-5.5.1.jar:/Users/emil/.m2/repository/io/kotest/kotest-extensions-jvm/5.5.1/kotest-extensions-jvm-5.5.1.jar:/Users/emil/.m2/repository/commons-io/commons-io/2.11.0/commons-io-2.11.0.jar:/Users/emil/.m2/repository/io/mockk/mockk-jvm/1.13.1/mockk-jvm-1.13.1.jar:/Users/emil/.m2/repository/io/mockk/mockk-dsl-jvm/1.13.1/mockk-dsl-jvm-1.13.1.jar:/Users/emil/.m2/repository/io/mockk/mockk-agent-jvm/1.13.1/mockk-agent-jvm-1.13.1.jar:/Users/emil/.m2/repository/org/objenesis/objenesis/3.2/objenesis-3.2.jar:/Users/emil/.m2/repository/io/mockk/mockk-agent-api-jvm/1.13.1/mockk-agent-api-jvm-1.13.1.jar:/Users/emil/.m2/repository/io/mockk/mockk-core-jvm/1.13.1/mockk-core-jvm-1.13.1.jar:/Users/emil/.m2/repository/org/slf4j/slf4j-api/1.7.36/slf4j-api-1.7.36.jar:/Users/emil/.m2/repository/junit/junit/4.13.2/junit-4.13.2.jar:/Users/emil/.m2/repository/org/hamcrest/hamcrest-core/1.3/hamcrest-core-1.3.jar:/Users/emil/.m2/repository/org/junit/jupiter/junit-jupiter/5.8.2/junit-jupiter-5.8.2.jar:/Users/emil/.m2/repository/org/junit/jupiter/junit-jupiter-params/5.8.2/junit-jupiter-params-5.8.2.jar:/Users/emil/.m2/repository/org/jetbrains/kotlinx/kotlinx-coroutines-core/1.6.4/kotlinx-coroutines-core-1.6.4.jar:/Users/emil/.m2/repository/io/kotest/kotest-framework-concurrency-jvm/5.5.1/kotest-framework-concurrency-jvm-5.5.1.jar:/Users/emil/.m2/repository/org/jetbrains/kotlinx/kotlinx-coroutines-core-jvm/1.6.4/kotlinx-coroutines-core-jvm-1.6.4.jar:/Users/emil/.m2/repository/org/junit/platform/junit-platform-engine/1.7.2/junit-platform-engine-1.7.2.jar:/Users/emil/.m2/repository/org/junit/platform/junit-platform-suite-api/1.7.2/junit-platform-suite-api-1.7.2.jar:/Users/emil/.m2/repository/org/junit/platform/junit-platform-launcher/1.7.2/junit-platform-launcher-1.7.2.jar:/Users/emil/.m2/repository/org/jetbrains/kotlin/kotlin-reflect/1.6.21/kotlin-reflect-1.6.21.jar:/Users/emil/.m2/repository/org/junit/jupiter/junit-jupiter-api/5.9.1/junit-jupiter-api-5.9.1.jar:/Users/emil/.m2/repository/org/opentest4j/opentest4j/1.2.0/opentest4j-1.2.0.jar:/Users/emil/.m2/repository/org/junit/platform/junit-platform-commons/1.9.1/junit-platform-commons-1.9.1.jar:/Users/emil/.m2/repository/org/apiguardian/apiguardian-api/1.1.2/apiguardian-api-1.1.2.jar:/Users/emil/.m2/repository/org/junit/jupiter/junit-jupiter-engine/5.9.1/junit-jupiter-engine-5.9.1.jar:"/>
    <property name="sun.cpu.endian" value="little"/>
    <property name="user.home" value="/Users/emil"/>
    <property name="user.language" value="en"/>
    <property name="java.specification.vendor" value="Oracle Corporation"/>
    <property name="java.version.date" value="2022-01-18"/>
    <property name="java.home" value="/Users/emil/.sdkman/candidates/java/17.0.2-tem"/>
    <property name="file.separator" value="/"/>
    <property name="basedir" value="/Users/emil/workspace/kotest-junit-issue-repro"/>
    <property name="java.vm.compressedOopsMode" value="Zero based"/>
    <property name="line.separator" value="&#10;"/>
    <property name="java.vm.specification.vendor" value="Oracle Corporation"/>
    <property name="java.specification.name" value="Java Platform API Specification"/>
    <property name="surefire.real.class.path" value="/Users/emil/workspace/kotest-junit-issue-repro/target/surefire/surefirebooter8280739029924553215.jar"/>
    <property name="sun.management.compiler" value="HotSpot 64-Bit Tiered Compilers"/>
    <property name="ftp.nonProxyHosts" value="local|*.local|169.254/16|*.169.254/16"/>
    <property name="java.runtime.version" value="17.0.2+8"/>
    <property name="user.name" value="emil"/>
    <property name="path.separator" value=":"/>
    <property name="os.version" value="13.0"/>
    <property name="java.runtime.name" value="OpenJDK Runtime Environment"/>
    <property name="file.encoding" value="UTF-8"/>
    <property name="java.vm.name" value="OpenJDK 64-Bit Server VM"/>
    <property name="java.vendor.version" value="Temurin-17.0.2+8"/>
    <property name="localRepository" value="/Users/emil/.m2/repository"/>
    <property name="java.vendor.url.bug" value="https://github.com/adoptium/adoptium-support/issues"/>
    <property name="java.io.tmpdir" value="/var/folders/f2/m5bdyzy156xc9bb_zt1mzht40000gn/T/"/>
    <property name="idea.version" value="2022.2.3"/>
    <property name="java.version" value="17.0.2"/>
    <property name="user.dir" value="/Users/emil/workspace/kotest-junit-issue-repro"/>
    <property name="os.arch" value="aarch64"/>
    <property name="java.vm.specification.name" value="Java Virtual Machine Specification"/>
    <property name="native.encoding" value="UTF-8"/>
    <property name="java.library.path" value="/Users/emil/Library/Java/Extensions:/Library/Java/Extensions:/Network/Library/Java/Extensions:/System/Library/Java/Extensions:/usr/lib/java:."/>
    <property name="java.vm.info" value="mixed mode"/>
    <property name="java.vendor" value="Eclipse Adoptium"/>
    <property name="java.vm.version" value="17.0.2+8"/>
    <property name="sun.io.unicode.encoding" value="UnicodeBig"/>
    <property name="socksNonProxyHosts" value="local|*.local|169.254/16|*.169.254/16"/>
    <property name="java.class.version" value="61.0"/>
  </properties>
  <testcase name="myTest" classname="JunitTest" time="0.015">
    <failure message="expected:&lt;2&gt; but was:&lt;5&gt;" type="io.kotest.assertions.AssertionFailedError"><![CDATA[io.kotest.assertions.AssertionFailedError: expected:<2> but was:<5>
	at JunitTest.myTest(JunitTest.kt:7)
]]></failure>
  </testcase>
</testsuite>